<?xml version="1.0" encoding="UTF-8"?>
<testng-results ignored="0" total="1" passed="1" failed="0" skipped="0">
  <reporter-output>
  </reporter-output>
  <suite started-at="2022-01-10T22:30:39Z" name="Default suite" finished-at="2022-01-10T22:31:28Z" duration-ms="49136">
    <groups>
    </groups>
    <test started-at="2022-01-10T22:30:39Z" name="Default test" finished-at="2022-01-10T22:31:28Z" duration-ms="49136">
      <class name="com.crm.qa.tests.LoginPageTest">
        <test-method is-config="true" signature="setup()[pri:0, instance:com.crm.qa.tests.LoginPageTest@68c9133c]" started-at="2022-01-10T17:30:39Z" name="setup" finished-at="2022-01-10T17:31:10Z" duration-ms="30983" status="PASS">
          <reporter-output>
          </reporter-output>
        </test-method> <!-- setup -->
        <test-method signature="logintest()[pri:0, instance:com.crm.qa.tests.LoginPageTest@68c9133c]" started-at="2022-01-10T17:31:10Z" name="logintest" finished-at="2022-01-10T17:31:26Z" duration-ms="15589" status="PASS">
          <reporter-output>
          </reporter-output>
        </test-method> <!-- logintest -->
        <test-method is-config="true" signature="teardown()[pri:0, instance:com.crm.qa.tests.LoginPageTest@68c9133c]" started-at="2022-01-10T17:31:26Z" name="teardown" finished-at="2022-01-10T17:31:28Z" duration-ms="2527" status="PASS">
          <reporter-output>
          </reporter-output>
        </test-method> <!-- teardown -->
      </class> <!-- com.crm.qa.tests.LoginPageTest -->
    </test> <!-- Default test -->
  </suite> <!-- Default suite -->
</testng-results>
